<?xml version="1.0" encoding="UTF-8"?>
<!-- Generated by org.testng.reporters.JUnitXMLReporter -->
<testsuite hostname="BAGOWDARA" name="Default test" tests="4" failures="0" timestamp="23 Feb 2018 10:41:58 GMT" time="153.621" errors="0">
  <testcase name="Login" time="8.895" classname="com.gurubank.project.TestNGLogin"/>
  <testcase name="Login" time="2.75" classname="com.gurubank.project.TestNGLogin"/>
  <testcase name="Login" time="3.539" classname="com.gurubank.project.TestNGLogin"/>
  <testcase name="Login" time="4.336" classname="com.gurubank.project.TestNGLogin"/>
</testsuite> <!-- Default test -->
