<?xml version="1.0" encoding="UTF-8"?>
<testng-results skipped="4" failed="0" total="4" passed="0">
  <reporter-output>
  </reporter-output>
  <suite name="com.gurubank.project.TestNGLogin" duration-ms="68663" started-at="2018-03-01T05:26:18Z" finished-at="2018-03-01T05:27:27Z">
    <groups>
    </groups>
    <test name="Command line test" duration-ms="68663" started-at="2018-03-01T05:26:18Z" finished-at="2018-03-01T05:27:27Z">
      <class name="com.gurubank.project.TestNGLogin">
        <test-method status="FAIL" signature="beforeTest()[pri:0, instance:com.gurubank.project.TestNGLogin@67b6d4ae]" name="beforeTest" is-config="true" duration-ms="0" started-at="2018-03-01T10:56:24Z" finished-at="2018-03-01T10:56:24Z">
          <exception class="org.openqa.selenium.WebDriverException">
            <message>
              <![CDATA[Process unexpectedly closed with status: 0
Build info: version: '3.9.1', revision: '63f7b50', time: '2018-02-07T22:25:02.294Z'
System info: host: 'BAGOWDARA', ip: '10.50.52.142', os.name: 'Windows 10', os.arch: 'amd64', os.version: '10.0', java.version: '1.8.0_144'
Driver info: driver.version: FirefoxDriver
remote stacktrace: stack backtrace:
   0:           0x47e934 - <no info>
   1:           0x47f0a3 - <no info>
   2:           0x442649 - <no info>
   3:           0x449cc3 - <no info>
   4:           0x42a890 - <no info>
   5:           0x406f5e - <no info>
   6:           0x40cfc9 - <no info>
   7:           0x6bef19 - <no info>
   8:           0x420756 - <no info>
   9:           0x6b96e0 - <no info>
  10:     0x7ffafbde8364 - BaseThreadInitThunk]]>
            </message>
            <full-stacktrace>
              <![CDATA[org.openqa.selenium.WebDriverException: Process unexpectedly closed with status: 0
Build info: version: '3.9.1', revision: '63f7b50', time: '2018-02-07T22:25:02.294Z'
System info: host: 'BAGOWDARA', ip: '10.50.52.142', os.name: 'Windows 10', os.arch: 'amd64', os.version: '10.0', java.version: '1.8.0_144'
Driver info: driver.version: FirefoxDriver
remote stacktrace: stack backtrace:
   0:           0x47e934 - <no info>
   1:           0x47f0a3 - <no info>
   2:           0x442649 - <no info>
   3:           0x449cc3 - <no info>
   4:           0x42a890 - <no info>
   5:           0x406f5e - <no info>
   6:           0x40cfc9 - <no info>
   7:           0x6bef19 - <no info>
   8:           0x420756 - <no info>
   9:           0x6b96e0 - <no info>
  10:     0x7ffafbde8364 - BaseThreadInitThunk
	at sun.reflect.NativeConstructorAccessorImpl.newInstance0(Native Method)
	at sun.reflect.NativeConstructorAccessorImpl.newInstance(NativeConstructorAccessorImpl.java:62)
	at sun.reflect.DelegatingConstructorAccessorImpl.newInstance(DelegatingConstructorAccessorImpl.java:45)
	at java.lang.reflect.Constructor.newInstance(Constructor.java:423)
	at org.openqa.selenium.remote.W3CHandshakeResponse.lambda$new$0(W3CHandshakeResponse.java:57)
	at org.openqa.selenium.remote.W3CHandshakeResponse.lambda$getResponseFunction$2(W3CHandshakeResponse.java:104)
	at org.openqa.selenium.remote.ProtocolHandshake.lambda$createSession$0(ProtocolHandshake.java:123)
	at java.util.stream.ReferencePipeline$3$1.accept(ReferencePipeline.java:193)
	at java.util.Spliterators$ArraySpliterator.tryAdvance(Spliterators.java:958)
	at java.util.stream.ReferencePipeline.forEachWithCancel(ReferencePipeline.java:126)
	at java.util.stream.AbstractPipeline.copyIntoWithCancel(AbstractPipeline.java:498)
	at java.util.stream.AbstractPipeline.copyInto(AbstractPipeline.java:485)
	at java.util.stream.AbstractPipeline.wrapAndCopyInto(AbstractPipeline.java:471)
	at java.util.stream.FindOps$FindOp.evaluateSequential(FindOps.java:152)
	at java.util.stream.AbstractPipeline.evaluate(AbstractPipeline.java:234)
	at java.util.stream.ReferencePipeline.findFirst(ReferencePipeline.java:464)
	at org.openqa.selenium.remote.ProtocolHandshake.createSession(ProtocolHandshake.java:126)
	at org.openqa.selenium.remote.ProtocolHandshake.createSession(ProtocolHandshake.java:73)
	at org.openqa.selenium.remote.HttpCommandExecutor.execute(HttpCommandExecutor.java:138)
	at org.openqa.selenium.remote.service.DriverCommandExecutor.execute(DriverCommandExecutor.java:83)
	at org.openqa.selenium.remote.RemoteWebDriver.execute(RemoteWebDriver.java:601)
	at org.openqa.selenium.remote.RemoteWebDriver.startSession(RemoteWebDriver.java:219)
	at org.openqa.selenium.remote.RemoteWebDriver.<init>(RemoteWebDriver.java:142)
	at org.openqa.selenium.firefox.FirefoxDriver.<init>(FirefoxDriver.java:120)
	at org.openqa.selenium.firefox.FirefoxDriver.<init>(FirefoxDriver.java:98)
	at com.gurubank.project.TestNGLogin.beforeTest(TestNGLogin.java:29)
	at sun.reflect.NativeMethodAccessorImpl.invoke0(Native Method)
	at sun.reflect.NativeMethodAccessorImpl.invoke(NativeMethodAccessorImpl.java:62)
	at sun.reflect.DelegatingMethodAccessorImpl.invoke(DelegatingMethodAccessorImpl.java:43)
	at java.lang.reflect.Method.invoke(Method.java:498)
	at org.testng.internal.MethodInvocationHelper.invokeMethod(MethodInvocationHelper.java:85)
	at org.testng.internal.Invoker.invokeConfigurationMethod(Invoker.java:510)
	at org.testng.internal.Invoker.invokeConfigurations(Invoker.java:211)
	at org.testng.internal.Invoker.invokeMethod(Invoker.java:585)
	at org.testng.internal.Invoker.invokeTestMethod(Invoker.java:821)
	at org.testng.internal.Invoker.invokeTestMethods(Invoker.java:1131)
	at org.testng.internal.TestMethodWorker.invokeTestMethods(TestMethodWorker.java:124)
	at org.testng.internal.TestMethodWorker.run(TestMethodWorker.java:108)
	at org.testng.TestRunner.privateRun(TestRunner.java:773)
	at org.testng.TestRunner.run(TestRunner.java:623)
	at org.testng.SuiteRunner.runTest(SuiteRunner.java:357)
	at org.testng.SuiteRunner.runSequentially(SuiteRunner.java:352)
	at org.testng.SuiteRunner.privateRun(SuiteRunner.java:310)
	at org.testng.SuiteRunner.run(SuiteRunner.java:259)
	at org.testng.SuiteRunnerWorker.runSuite(SuiteRunnerWorker.java:52)
	at org.testng.SuiteRunnerWorker.run(SuiteRunnerWorker.java:86)
	at org.testng.TestNG.runSuitesSequentially(TestNG.java:1185)
	at org.testng.TestNG.runSuitesLocally(TestNG.java:1110)
	at org.testng.TestNG.run(TestNG.java:1018)
	at org.apache.maven.surefire.testng.TestNGExecutor.run(TestNGExecutor.java:77)
	at org.apache.maven.surefire.testng.TestNGDirectoryTestSuite.execute(TestNGDirectoryTestSuite.java:110)
	at org.apache.maven.surefire.testng.TestNGProvider.invoke(TestNGProvider.java:106)
	at sun.reflect.NativeMethodAccessorImpl.invoke0(Native Method)
	at sun.reflect.NativeMethodAccessorImpl.invoke(NativeMethodAccessorImpl.java:62)
	at sun.reflect.DelegatingMethodAccessorImpl.invoke(DelegatingMethodAccessorImpl.java:43)
	at java.lang.reflect.Method.invoke(Method.java:498)
	at org.apache.maven.surefire.util.ReflectionUtils.invokeMethodWithArray(ReflectionUtils.java:189)
	at org.apache.maven.surefire.booter.ProviderFactory$ProviderProxy.invoke(ProviderFactory.java:165)
	at org.apache.maven.surefire.booter.ProviderFactory.invokeProvider(ProviderFactory.java:85)
	at org.apache.maven.surefire.booter.ForkedBooter.runSuitesInProcess(ForkedBooter.java:115)
	at org.apache.maven.surefire.booter.ForkedBooter.main(ForkedBooter.java:75)
]]>
            </full-stacktrace>
          </exception> <!-- org.openqa.selenium.WebDriverException -->
          <reporter-output>
          </reporter-output>
        </test-method> <!-- beforeTest -->
        <test-method status="SKIP" signature="Login(java.lang.String, java.lang.String, java.lang.String)[pri:0, instance:com.gurubank.project.TestNGLogin@67b6d4ae]" name="Login" duration-ms="59" started-at="2018-03-01T10:57:27Z" data-provider="dp" finished-at="2018-03-01T10:57:27Z">
          <params>
            <param index="0">
              <value>
                <![CDATA[mngr118649]]>
              </value>
            </param>
            <param index="1">
              <value>
                <![CDATA[aberyha]]>
              </value>
            </param>
            <param index="2">
              <value>
                <![CDATA[Guru99 Bank Manager HomePage]]>
              </value>
            </param>
          </params>
          <reporter-output>
          </reporter-output>
        </test-method> <!-- Login -->
        <test-method status="SKIP" signature="afterTest()[pri:0, instance:com.gurubank.project.TestNGLogin@67b6d4ae]" name="afterTest" is-config="true" duration-ms="0" started-at="2018-03-01T10:57:27Z" finished-at="2018-03-01T10:57:27Z">
          <reporter-output>
          </reporter-output>
        </test-method> <!-- afterTest -->
        <test-method status="SKIP" signature="Login(java.lang.String, java.lang.String, java.lang.String)[pri:0, instance:com.gurubank.project.TestNGLogin@67b6d4ae]" name="Login" duration-ms="0" started-at="2018-03-01T10:57:27Z" data-provider="dp" finished-at="2018-03-01T10:57:27Z">
          <params>
            <param index="0">
              <value>
                <![CDATA[mngr118649]]>
              </value>
            </param>
            <param index="1">
              <value>
                <![CDATA[aberyh]]>
              </value>
            </param>
            <param index="2">
              <value>
                <![CDATA[User or Password is not valid]]>
              </value>
            </param>
          </params>
          <reporter-output>
          </reporter-output>
        </test-method> <!-- Login -->
        <test-method status="SKIP" signature="afterTest()[pri:0, instance:com.gurubank.project.TestNGLogin@67b6d4ae]" name="afterTest" is-config="true" duration-ms="0" started-at="2018-03-01T10:57:27Z" finished-at="2018-03-01T10:57:27Z">
          <reporter-output>
          </reporter-output>
        </test-method> <!-- afterTest -->
        <test-method status="SKIP" signature="beforeTest()[pri:0, instance:com.gurubank.project.TestNGLogin@67b6d4ae]" name="beforeTest" is-config="true" duration-ms="0" started-at="2018-03-01T10:57:27Z" finished-at="2018-03-01T10:57:27Z">
          <reporter-output>
          </reporter-output>
        </test-method> <!-- beforeTest -->
        <test-method status="SKIP" signature="beforeTest()[pri:0, instance:com.gurubank.project.TestNGLogin@67b6d4ae]" name="beforeTest" is-config="true" duration-ms="0" started-at="2018-03-01T10:57:27Z" finished-at="2018-03-01T10:57:27Z">
          <reporter-output>
          </reporter-output>
        </test-method> <!-- beforeTest -->
        <test-method status="SKIP" signature="Login(java.lang.String, java.lang.String, java.lang.String)[pri:0, instance:com.gurubank.project.TestNGLogin@67b6d4ae]" name="Login" duration-ms="0" started-at="2018-03-01T10:57:27Z" data-provider="dp" finished-at="2018-03-01T10:57:27Z">
          <params>
            <param index="0">
              <value>
                <![CDATA[mngr11864]]>
              </value>
            </param>
            <param index="1">
              <value>
                <![CDATA[aberyh]]>
              </value>
            </param>
            <param index="2">
              <value>
                <![CDATA[User or Password is not valid]]>
              </value>
            </param>
          </params>
          <reporter-output>
          </reporter-output>
        </test-method> <!-- Login -->
        <test-method status="SKIP" signature="beforeTest()[pri:0, instance:com.gurubank.project.TestNGLogin@67b6d4ae]" name="beforeTest" is-config="true" duration-ms="0" started-at="2018-03-01T10:57:27Z" finished-at="2018-03-01T10:57:27Z">
          <reporter-output>
          </reporter-output>
        </test-method> <!-- beforeTest -->
        <test-method status="SKIP" signature="Login(java.lang.String, java.lang.String, java.lang.String)[pri:0, instance:com.gurubank.project.TestNGLogin@67b6d4ae]" name="Login" duration-ms="0" started-at="2018-03-01T10:57:27Z" data-provider="dp" finished-at="2018-03-01T10:57:27Z">
          <params>
            <param index="0">
              <value>
                <![CDATA[mngr11864]]>
              </value>
            </param>
            <param index="1">
              <value>
                <![CDATA[aberyha]]>
              </value>
            </param>
            <param index="2">
              <value>
                <![CDATA[User or Password is not valid]]>
              </value>
            </param>
          </params>
          <reporter-output>
          </reporter-output>
        </test-method> <!-- Login -->
        <test-method status="SKIP" signature="afterTest()[pri:0, instance:com.gurubank.project.TestNGLogin@67b6d4ae]" name="afterTest" is-config="true" duration-ms="0" started-at="2018-03-01T10:57:27Z" finished-at="2018-03-01T10:57:27Z">
          <reporter-output>
          </reporter-output>
        </test-method> <!-- afterTest -->
        <test-method status="SKIP" signature="afterTest()[pri:0, instance:com.gurubank.project.TestNGLogin@67b6d4ae]" name="afterTest" is-config="true" duration-ms="0" started-at="2018-03-01T10:57:27Z" finished-at="2018-03-01T10:57:27Z">
          <reporter-output>
          </reporter-output>
        </test-method> <!-- afterTest -->
      </class> <!-- com.gurubank.project.TestNGLogin -->
    </test> <!-- Command line test -->
  </suite> <!-- com.gurubank.project.TestNGLogin -->
</testng-results>
