<?xml version="1.0" encoding="UTF-8"?>
<testng-results skipped="0" failed="0" total="4" passed="4">
  <reporter-output>
  </reporter-output>
  <suite name="Default suite" duration-ms="153621" started-at="2018-02-23T10:39:25Z" finished-at="2018-02-23T10:41:58Z">
    <groups>
    </groups>
    <test name="Default test" duration-ms="153621" started-at="2018-02-23T10:39:25Z" finished-at="2018-02-23T10:41:58Z">
      <class name="com.gurubank.project.TestNGLogin">
        <test-method status="PASS" signature="beforeTest()[pri:0, instance:com.gurubank.project.TestNGLogin@7d9d1a19]" name="beforeTest" is-config="true" duration-ms="66387" started-at="2018-02-23T16:09:26Z" finished-at="2018-02-23T16:10:32Z">
          <reporter-output>
          </reporter-output>
        </test-method> <!-- beforeTest -->
        <test-method status="PASS" signature="Login(java.lang.String, java.lang.String, java.lang.String)[pri:0, instance:com.gurubank.project.TestNGLogin@7d9d1a19]" name="Login" duration-ms="8895" started-at="2018-02-23T16:10:32Z" data-provider="dp" finished-at="2018-02-23T16:10:41Z">
          <params>
            <param index="0">
              <value>
                <![CDATA[mngr118649]]>
              </value>
            </param>
            <param index="1">
              <value>
                <![CDATA[aberyha]]>
              </value>
            </param>
            <param index="2">
              <value>
                <![CDATA[Guru99 Bank Manager HomePage]]>
              </value>
            </param>
          </params>
          <reporter-output>
          </reporter-output>
        </test-method> <!-- Login -->
        <test-method status="PASS" signature="afterTest()[pri:0, instance:com.gurubank.project.TestNGLogin@7d9d1a19]" name="afterTest" is-config="true" duration-ms="788" started-at="2018-02-23T16:10:41Z" finished-at="2018-02-23T16:10:42Z">
          <reporter-output>
          </reporter-output>
        </test-method> <!-- afterTest -->
        <test-method status="PASS" signature="beforeTest()[pri:0, instance:com.gurubank.project.TestNGLogin@7d9d1a19]" name="beforeTest" is-config="true" duration-ms="18989" started-at="2018-02-23T16:10:42Z" finished-at="2018-02-23T16:11:01Z">
          <reporter-output>
          </reporter-output>
        </test-method> <!-- beforeTest -->
        <test-method status="PASS" signature="Login(java.lang.String, java.lang.String, java.lang.String)[pri:0, instance:com.gurubank.project.TestNGLogin@7d9d1a19]" name="Login" duration-ms="2750" started-at="2018-02-23T16:11:01Z" data-provider="dp" finished-at="2018-02-23T16:11:04Z">
          <params>
            <param index="0">
              <value>
                <![CDATA[mngr118649]]>
              </value>
            </param>
            <param index="1">
              <value>
                <![CDATA[aberyh]]>
              </value>
            </param>
            <param index="2">
              <value>
                <![CDATA[User or Password is not valid]]>
              </value>
            </param>
          </params>
          <reporter-output>
          </reporter-output>
        </test-method> <!-- Login -->
        <test-method status="PASS" signature="afterTest()[pri:0, instance:com.gurubank.project.TestNGLogin@7d9d1a19]" name="afterTest" is-config="true" duration-ms="585" started-at="2018-02-23T16:11:04Z" finished-at="2018-02-23T16:11:04Z">
          <reporter-output>
          </reporter-output>
        </test-method> <!-- afterTest -->
        <test-method status="PASS" signature="beforeTest()[pri:0, instance:com.gurubank.project.TestNGLogin@7d9d1a19]" name="beforeTest" is-config="true" duration-ms="25267" started-at="2018-02-23T16:11:04Z" finished-at="2018-02-23T16:11:29Z">
          <reporter-output>
          </reporter-output>
        </test-method> <!-- beforeTest -->
        <test-method status="PASS" signature="Login(java.lang.String, java.lang.String, java.lang.String)[pri:0, instance:com.gurubank.project.TestNGLogin@7d9d1a19]" name="Login" duration-ms="3539" started-at="2018-02-23T16:11:29Z" data-provider="dp" finished-at="2018-02-23T16:11:33Z">
          <params>
            <param index="0">
              <value>
                <![CDATA[mngr11864]]>
              </value>
            </param>
            <param index="1">
              <value>
                <![CDATA[aberyha]]>
              </value>
            </param>
            <param index="2">
              <value>
                <![CDATA[User or Password is not valid]]>
              </value>
            </param>
          </params>
          <reporter-output>
          </reporter-output>
        </test-method> <!-- Login -->
        <test-method status="PASS" signature="afterTest()[pri:0, instance:com.gurubank.project.TestNGLogin@7d9d1a19]" name="afterTest" is-config="true" duration-ms="1007" started-at="2018-02-23T16:11:33Z" finished-at="2018-02-23T16:11:34Z">
          <reporter-output>
          </reporter-output>
        </test-method> <!-- afterTest -->
        <test-method status="PASS" signature="beforeTest()[pri:0, instance:com.gurubank.project.TestNGLogin@7d9d1a19]" name="beforeTest" is-config="true" duration-ms="19421" started-at="2018-02-23T16:11:34Z" finished-at="2018-02-23T16:11:53Z">
          <reporter-output>
          </reporter-output>
        </test-method> <!-- beforeTest -->
        <test-method status="PASS" signature="Login(java.lang.String, java.lang.String, java.lang.String)[pri:0, instance:com.gurubank.project.TestNGLogin@7d9d1a19]" name="Login" duration-ms="4336" started-at="2018-02-23T16:11:53Z" data-provider="dp" finished-at="2018-02-23T16:11:58Z">
          <params>
            <param index="0">
              <value>
                <![CDATA[mngr11864]]>
              </value>
            </param>
            <param index="1">
              <value>
                <![CDATA[aberyh]]>
              </value>
            </param>
            <param index="2">
              <value>
                <![CDATA[User or Password is not valid]]>
              </value>
            </param>
          </params>
          <reporter-output>
          </reporter-output>
        </test-method> <!-- Login -->
        <test-method status="PASS" signature="afterTest()[pri:0, instance:com.gurubank.project.TestNGLogin@7d9d1a19]" name="afterTest" is-config="true" duration-ms="415" started-at="2018-02-23T16:11:58Z" finished-at="2018-02-23T16:11:58Z">
          <reporter-output>
          </reporter-output>
        </test-method> <!-- afterTest -->
      </class> <!-- com.gurubank.project.TestNGLogin -->
    </test> <!-- Default test -->
  </suite> <!-- Default suite -->
</testng-results>
