<?xml version="1.0" encoding="UTF-8"?>
<testng-results skipped="0" failed="1" total="4" passed="3">
  <reporter-output>
  </reporter-output>
  <suite name="Default suite" duration-ms="61971" started-at="2018-03-05T09:06:29Z" finished-at="2018-03-05T09:07:31Z">
    <groups>
    </groups>
    <test name="Default test" duration-ms="61971" started-at="2018-03-05T09:06:29Z" finished-at="2018-03-05T09:07:31Z">
      <class name="com.gurubank.project.TestNGLogin">
        <test-method status="PASS" signature="beforeTest()[pri:0, instance:com.gurubank.project.TestNGLogin@1794d431]" name="beforeTest" is-config="true" duration-ms="19416" started-at="2018-03-05T14:36:30Z" finished-at="2018-03-05T14:36:49Z">
          <reporter-output>
          </reporter-output>
        </test-method> <!-- beforeTest -->
        <test-method status="FAIL" signature="Login(java.lang.String, java.lang.String, java.lang.String)[pri:0, instance:com.gurubank.project.TestNGLogin@1794d431]" name="Login" duration-ms="595" started-at="2018-03-05T14:36:49Z" data-provider="dp" finished-at="2018-03-05T14:36:50Z">
          <params>
            <param index="0">
              <value>
                <![CDATA[mngr118649]]>
              </value>
            </param>
            <param index="1">
              <value>
                <![CDATA[aberyha]]>
              </value>
            </param>
            <param index="2">
              <value>
                <![CDATA[Guru99 Bank Manager HomePage]]>
              </value>
            </param>
          </params>
          <exception class="org.openqa.selenium.WebDriverException">
            <message>
              <![CDATA[timeouts
Build info: version: '3.9.1', revision: '63f7b50', time: '2018-02-07T22:25:02.294Z'
System info: host: 'BAGOWDARA', ip: '10.50.52.142', os.name: 'Windows 10', os.arch: 'amd64', os.version: '10.0', java.version: '1.8.0_144'
Driver info: org.openqa.selenium.firefox.FirefoxDriver
Capabilities {acceptInsecureCerts: true, browserName: firefox, browserVersion: 58.0.2, javascriptEnabled: true, moz:accessibilityChecks: false, moz:headless: false, moz:processID: 16368, moz:profile: C:\Users\gowdara\AppData\Lo..., moz:webdriverClick: true, pageLoadStrategy: normal, platform: XP, platformName: XP, platformVersion: 10.0, rotatable: false, timeouts: {implicit: 0, pageLoad: 300000, script: 30000}}
Session ID: 0d905d5c-faf3-41e3-9709-d64755d08d6b]]>
            </message>
            <full-stacktrace>
              <![CDATA[org.openqa.selenium.WebDriverException: timeouts
Build info: version: '3.9.1', revision: '63f7b50', time: '2018-02-07T22:25:02.294Z'
System info: host: 'BAGOWDARA', ip: '10.50.52.142', os.name: 'Windows 10', os.arch: 'amd64', os.version: '10.0', java.version: '1.8.0_144'
Driver info: org.openqa.selenium.firefox.FirefoxDriver
Capabilities {acceptInsecureCerts: true, browserName: firefox, browserVersion: 58.0.2, javascriptEnabled: true, moz:accessibilityChecks: false, moz:headless: false, moz:processID: 16368, moz:profile: C:\Users\gowdara\AppData\Lo..., moz:webdriverClick: true, pageLoadStrategy: normal, platform: XP, platformName: XP, platformVersion: 10.0, rotatable: false, timeouts: {implicit: 0, pageLoad: 300000, script: 30000}}
Session ID: 0d905d5c-faf3-41e3-9709-d64755d08d6b
	at sun.reflect.NativeConstructorAccessorImpl.newInstance0(Native Method)
	at sun.reflect.NativeConstructorAccessorImpl.newInstance(NativeConstructorAccessorImpl.java:62)
	at sun.reflect.DelegatingConstructorAccessorImpl.newInstance(DelegatingConstructorAccessorImpl.java:45)
	at java.lang.reflect.Constructor.newInstance(Constructor.java:423)
	at org.openqa.selenium.remote.http.W3CHttpResponseCodec.createException(W3CHttpResponseCodec.java:187)
	at org.openqa.selenium.remote.http.W3CHttpResponseCodec.decode(W3CHttpResponseCodec.java:122)
	at org.openqa.selenium.remote.http.W3CHttpResponseCodec.decode(W3CHttpResponseCodec.java:49)
	at org.openqa.selenium.remote.HttpCommandExecutor.execute(HttpCommandExecutor.java:160)
	at org.openqa.selenium.remote.service.DriverCommandExecutor.execute(DriverCommandExecutor.java:83)
	at org.openqa.selenium.remote.RemoteWebDriver.execute(RemoteWebDriver.java:601)
	at org.openqa.selenium.remote.RemoteWebDriver$RemoteWebDriverOptions$RemoteTimeouts.implicitlyWait(RemoteWebDriver.java:835)
	at com.gurubank.project.TestNGLogin.Login(TestNGLogin.java:68)
	at sun.reflect.NativeMethodAccessorImpl.invoke0(Native Method)
	at sun.reflect.NativeMethodAccessorImpl.invoke(NativeMethodAccessorImpl.java:62)
	at sun.reflect.DelegatingMethodAccessorImpl.invoke(DelegatingMethodAccessorImpl.java:43)
	at java.lang.reflect.Method.invoke(Method.java:498)
	at org.testng.internal.MethodInvocationHelper.invokeMethod(MethodInvocationHelper.java:85)
	at org.testng.internal.Invoker.invokeMethod(Invoker.java:639)
	at org.testng.internal.Invoker.invokeTestMethod(Invoker.java:821)
	at org.testng.internal.Invoker.invokeTestMethods(Invoker.java:1131)
	at org.testng.internal.TestMethodWorker.invokeTestMethods(TestMethodWorker.java:124)
	at org.testng.internal.TestMethodWorker.run(TestMethodWorker.java:108)
	at org.testng.TestRunner.privateRun(TestRunner.java:773)
	at org.testng.TestRunner.run(TestRunner.java:623)
	at org.testng.SuiteRunner.runTest(SuiteRunner.java:357)
	at org.testng.SuiteRunner.runSequentially(SuiteRunner.java:352)
	at org.testng.SuiteRunner.privateRun(SuiteRunner.java:310)
	at org.testng.SuiteRunner.run(SuiteRunner.java:259)
	at org.testng.SuiteRunnerWorker.runSuite(SuiteRunnerWorker.java:52)
	at org.testng.SuiteRunnerWorker.run(SuiteRunnerWorker.java:86)
	at org.testng.TestNG.runSuitesSequentially(TestNG.java:1185)
	at org.testng.TestNG.runSuitesLocally(TestNG.java:1110)
	at org.testng.TestNG.run(TestNG.java:1018)
	at org.testng.remote.AbstractRemoteTestNG.run(AbstractRemoteTestNG.java:114)
	at org.testng.remote.RemoteTestNG.initAndRun(RemoteTestNG.java:251)
	at org.testng.remote.RemoteTestNG.main(RemoteTestNG.java:77)
]]>
            </full-stacktrace>
          </exception> <!-- org.openqa.selenium.WebDriverException -->
          <reporter-output>
          </reporter-output>
        </test-method> <!-- Login -->
        <test-method status="PASS" signature="afterTest()[pri:0, instance:com.gurubank.project.TestNGLogin@1794d431]" name="afterTest" is-config="true" duration-ms="1047" started-at="2018-03-05T14:36:50Z" finished-at="2018-03-05T14:36:51Z">
          <reporter-output>
          </reporter-output>
        </test-method> <!-- afterTest -->
        <test-method status="PASS" signature="beforeTest()[pri:0, instance:com.gurubank.project.TestNGLogin@1794d431]" name="beforeTest" is-config="true" duration-ms="13487" started-at="2018-03-05T14:36:51Z" finished-at="2018-03-05T14:37:04Z">
          <reporter-output>
          </reporter-output>
        </test-method> <!-- beforeTest -->
        <test-method status="PASS" signature="Login(java.lang.String, java.lang.String, java.lang.String)[pri:0, instance:com.gurubank.project.TestNGLogin@1794d431]" name="Login" duration-ms="1877" started-at="2018-03-05T14:37:04Z" data-provider="dp" finished-at="2018-03-05T14:37:06Z">
          <params>
            <param index="0">
              <value>
                <![CDATA[mngr118649]]>
              </value>
            </param>
            <param index="1">
              <value>
                <![CDATA[aberyh]]>
              </value>
            </param>
            <param index="2">
              <value>
                <![CDATA[User or Password is not valid]]>
              </value>
            </param>
          </params>
          <reporter-output>
          </reporter-output>
        </test-method> <!-- Login -->
        <test-method status="PASS" signature="afterTest()[pri:0, instance:com.gurubank.project.TestNGLogin@1794d431]" name="afterTest" is-config="true" duration-ms="237" started-at="2018-03-05T14:37:06Z" finished-at="2018-03-05T14:37:06Z">
          <reporter-output>
          </reporter-output>
        </test-method> <!-- afterTest -->
        <test-method status="PASS" signature="beforeTest()[pri:0, instance:com.gurubank.project.TestNGLogin@1794d431]" name="beforeTest" is-config="true" duration-ms="11865" started-at="2018-03-05T14:37:06Z" finished-at="2018-03-05T14:37:18Z">
          <reporter-output>
          </reporter-output>
        </test-method> <!-- beforeTest -->
        <test-method status="PASS" signature="Login(java.lang.String, java.lang.String, java.lang.String)[pri:0, instance:com.gurubank.project.TestNGLogin@1794d431]" name="Login" duration-ms="1854" started-at="2018-03-05T14:37:18Z" data-provider="dp" finished-at="2018-03-05T14:37:20Z">
          <params>
            <param index="0">
              <value>
                <![CDATA[mngr11864]]>
              </value>
            </param>
            <param index="1">
              <value>
                <![CDATA[aberyha]]>
              </value>
            </param>
            <param index="2">
              <value>
                <![CDATA[User or Password is not valid]]>
              </value>
            </param>
          </params>
          <reporter-output>
          </reporter-output>
        </test-method> <!-- Login -->
        <test-method status="PASS" signature="afterTest()[pri:0, instance:com.gurubank.project.TestNGLogin@1794d431]" name="afterTest" is-config="true" duration-ms="134" started-at="2018-03-05T14:37:20Z" finished-at="2018-03-05T14:37:20Z">
          <reporter-output>
          </reporter-output>
        </test-method> <!-- afterTest -->
        <test-method status="PASS" signature="beforeTest()[pri:0, instance:com.gurubank.project.TestNGLogin@1794d431]" name="beforeTest" is-config="true" duration-ms="9781" started-at="2018-03-05T14:37:20Z" finished-at="2018-03-05T14:37:30Z">
          <reporter-output>
          </reporter-output>
        </test-method> <!-- beforeTest -->
        <test-method status="PASS" signature="Login(java.lang.String, java.lang.String, java.lang.String)[pri:0, instance:com.gurubank.project.TestNGLogin@1794d431]" name="Login" duration-ms="1138" started-at="2018-03-05T14:37:30Z" data-provider="dp" finished-at="2018-03-05T14:37:31Z">
          <params>
            <param index="0">
              <value>
                <![CDATA[mngr11864]]>
              </value>
            </param>
            <param index="1">
              <value>
                <![CDATA[aberyh]]>
              </value>
            </param>
            <param index="2">
              <value>
                <![CDATA[User or Password is not valid]]>
              </value>
            </param>
          </params>
          <reporter-output>
          </reporter-output>
        </test-method> <!-- Login -->
        <test-method status="PASS" signature="afterTest()[pri:0, instance:com.gurubank.project.TestNGLogin@1794d431]" name="afterTest" is-config="true" duration-ms="88" started-at="2018-03-05T14:37:31Z" finished-at="2018-03-05T14:37:31Z">
          <reporter-output>
          </reporter-output>
        </test-method> <!-- afterTest -->
      </class> <!-- com.gurubank.project.TestNGLogin -->
    </test> <!-- Default test -->
  </suite> <!-- Default suite -->
</testng-results>
